Determining if the pthread_create exist failed with the following output:
Change Dir: /home/lilelr/open-source/libprocess-start/cmake-build-debug/CMakeFiles/CMakeTmp

Run Build Command:"/usr/bin/make" "cmTC_45a1e/fast"
/usr/bin/make -f CMakeFiles/cmTC_45a1e.dir/build.make CMakeFiles/cmTC_45a1e.dir/build
make[1]: Entering directory '/home/lilelr/open-source/libprocess-start/cmake-build-debug/CMakeFiles/CMakeTmp'
Building C object CMakeFiles/cmTC_45a1e.dir/CheckSymbolExists.c.o
/usr/bin/cc   -O2    -o CMakeFiles/cmTC_45a1e.dir/CheckSymbolExists.c.o   -c /home/lilelr/open-source/libprocess-start/cmake-build-debug/CMakeFiles/CMakeTmp/CheckSymbolExists.c
Linking C executable cmTC_45a1e
/home/lilelr/clion-2017.2.2/bin/cmake/bin/cmake -E cmake_link_script CMakeFiles/cmTC_45a1e.dir/link.txt --verbose=1
/usr/bin/cc    -O2     -rdynamic CMakeFiles/cmTC_45a1e.dir/CheckSymbolExists.c.o  -o cmTC_45a1e 
CMakeFiles/cmTC_45a1e.dir/CheckSymbolExists.c.o: In function `main':
CheckSymbolExists.c:(.text.startup+0x6): undefined reference to `pthread_create'
collect2: error: ld returned 1 exit status
CMakeFiles/cmTC_45a1e.dir/build.make:97: recipe for target 'cmTC_45a1e' failed
make[1]: *** [cmTC_45a1e] Error 1
make[1]: Leaving directory '/home/lilelr/open-source/libprocess-start/cmake-build-debug/CMakeFiles/CMakeTmp'
Makefile:126: recipe for target 'cmTC_45a1e/fast' failed
make: *** [cmTC_45a1e/fast] Error 2

File /home/lilelr/open-source/libprocess-start/cmake-build-debug/CMakeFiles/CMakeTmp/CheckSymbolExists.c:
/* */
#include <pthread.h>

int main(int argc, char** argv)
{
  (void)argv;
#ifndef pthread_create
  return ((int*)(&pthread_create))[argc];
#else
  (void)argc;
  return 0;
#endif
}

Determining if the function pthread_create exists in the pthreads failed with the following output:
Change Dir: /home/lilelr/open-source/libprocess-start/cmake-build-debug/CMakeFiles/CMakeTmp

Run Build Command:"/usr/bin/make" "cmTC_6214b/fast"
/usr/bin/make -f CMakeFiles/cmTC_6214b.dir/build.make CMakeFiles/cmTC_6214b.dir/build
make[1]: Entering directory '/home/lilelr/open-source/libprocess-start/cmake-build-debug/CMakeFiles/CMakeTmp'
Building C object CMakeFiles/cmTC_6214b.dir/CheckFunctionExists.c.o
/usr/bin/cc   -O2 -DCHECK_FUNCTION_EXISTS=pthread_create   -o CMakeFiles/cmTC_6214b.dir/CheckFunctionExists.c.o   -c /home/lilelr/clion-2017.2.2/bin/cmake/share/cmake-3.8/Modules/CheckFunctionExists.c
Linking C executable cmTC_6214b
/home/lilelr/clion-2017.2.2/bin/cmake/bin/cmake -E cmake_link_script CMakeFiles/cmTC_6214b.dir/link.txt --verbose=1
/usr/bin/cc    -O2 -DCHECK_FUNCTION_EXISTS=pthread_create    -rdynamic CMakeFiles/cmTC_6214b.dir/CheckFunctionExists.c.o  -o cmTC_6214b -lpthreads 
/usr/bin/ld: cannot find -lpthreads
collect2: error: ld returned 1 exit status
CMakeFiles/cmTC_6214b.dir/build.make:97: recipe for target 'cmTC_6214b' failed
make[1]: *** [cmTC_6214b] Error 1
make[1]: Leaving directory '/home/lilelr/open-source/libprocess-start/cmake-build-debug/CMakeFiles/CMakeTmp'
Makefile:126: recipe for target 'cmTC_6214b/fast' failed
make: *** [cmTC_6214b/fast] Error 2


