Determining if the pthread_create exist failed with the following output:
Change Dir: /home/wqn/libprocess-start/build/CMakeFiles/CMakeTmp

Run Build Command:"/usr/bin/make" "cmTC_f620f/fast"
/usr/bin/make -f CMakeFiles/cmTC_f620f.dir/build.make CMakeFiles/cmTC_f620f.dir/build
make[1]: Entering directory '/home/wqn/libprocess-start/build/CMakeFiles/CMakeTmp'
Building C object CMakeFiles/cmTC_f620f.dir/CheckSymbolExists.c.o
/usr/bin/cc    -O2    -o CMakeFiles/cmTC_f620f.dir/CheckSymbolExists.c.o   -c /home/wqn/libprocess-start/build/CMakeFiles/CMakeTmp/CheckSymbolExists.c
Linking C executable cmTC_f620f
/usr/bin/cmake -E cmake_link_script CMakeFiles/cmTC_f620f.dir/link.txt --verbose=1
/usr/bin/cc     -O2     CMakeFiles/cmTC_f620f.dir/CheckSymbolExists.c.o  -o cmTC_f620f -rdynamic 
CMakeFiles/cmTC_f620f.dir/CheckSymbolExists.c.o：在函数‘main’中：
CheckSymbolExists.c:(.text.startup+0x6)：对‘pthread_create’未定义的引用
collect2: error: ld returned 1 exit status
CMakeFiles/cmTC_f620f.dir/build.make:97: recipe for target 'cmTC_f620f' failed
make[1]: *** [cmTC_f620f] Error 1
make[1]: Leaving directory '/home/wqn/libprocess-start/build/CMakeFiles/CMakeTmp'
Makefile:126: recipe for target 'cmTC_f620f/fast' failed
make: *** [cmTC_f620f/fast] Error 2

File /home/wqn/libprocess-start/build/CMakeFiles/CMakeTmp/CheckSymbolExists.c:
/* */
#include <pthread.h>

int main(int argc, char** argv)
{
  (void)argv;
#ifndef pthread_create
  return ((int*)(&pthread_create))[argc];
#else
  (void)argc;
  return 0;
#endif
}

Determining if the function pthread_create exists in the pthreads failed with the following output:
Change Dir: /home/wqn/libprocess-start/build/CMakeFiles/CMakeTmp

Run Build Command:"/usr/bin/make" "cmTC_2f66a/fast"
/usr/bin/make -f CMakeFiles/cmTC_2f66a.dir/build.make CMakeFiles/cmTC_2f66a.dir/build
make[1]: Entering directory '/home/wqn/libprocess-start/build/CMakeFiles/CMakeTmp'
Building C object CMakeFiles/cmTC_2f66a.dir/CheckFunctionExists.c.o
/usr/bin/cc    -O2 -DCHECK_FUNCTION_EXISTS=pthread_create   -o CMakeFiles/cmTC_2f66a.dir/CheckFunctionExists.c.o   -c /usr/share/cmake-3.5/Modules/CheckFunctionExists.c
Linking C executable cmTC_2f66a
/usr/bin/cmake -E cmake_link_script CMakeFiles/cmTC_2f66a.dir/link.txt --verbose=1
/usr/bin/cc     -O2 -DCHECK_FUNCTION_EXISTS=pthread_create    CMakeFiles/cmTC_2f66a.dir/CheckFunctionExists.c.o  -o cmTC_2f66a -rdynamic -lpthreads 
/usr/bin/ld: 找不到 -lpthreads
collect2: error: ld returned 1 exit status
CMakeFiles/cmTC_2f66a.dir/build.make:97: recipe for target 'cmTC_2f66a' failed
make[1]: *** [cmTC_2f66a] Error 1
make[1]: Leaving directory '/home/wqn/libprocess-start/build/CMakeFiles/CMakeTmp'
Makefile:126: recipe for target 'cmTC_2f66a/fast' failed
make: *** [cmTC_2f66a/fast] Error 2


